12-May-2025 11:49:37.617 INFO [main] org.apache.catalina.startup.VersionLoggerListener.log Server version name:   Apache Tomcat/11.0.6
12-May-2025 11:49:37.641 INFO [main] org.apache.catalina.startup.VersionLoggerListener.log Server built:          Apr 1 2025 14:40:40 UTC
12-May-2025 11:49:37.647 INFO [main] org.apache.catalina.startup.VersionLoggerListener.log Server version number: 11.0.6.0
12-May-2025 11:49:37.647 INFO [main] org.apache.catalina.startup.VersionLoggerListener.log OS Name:               Linux
12-May-2025 11:49:37.648 INFO [main] org.apache.catalina.startup.VersionLoggerListener.log OS Version:            6.8.0-59-generic
12-May-2025 11:49:37.648 INFO [main] org.apache.catalina.startup.VersionLoggerListener.log Architecture:          amd64
12-May-2025 11:49:37.648 INFO [main] org.apache.catalina.startup.VersionLoggerListener.log Java Home:             /usr/lib/jvm/java-21-openjdk-amd64
12-May-2025 11:49:37.648 INFO [main] org.apache.catalina.startup.VersionLoggerListener.log JVM Version:           21.0.7+6-Ubuntu-0ubuntu122.04
12-May-2025 11:49:37.648 INFO [main] org.apache.catalina.startup.VersionLoggerListener.log JVM Vendor:            Ubuntu
12-May-2025 11:49:37.648 INFO [main] org.apache.catalina.startup.VersionLoggerListener.log CATALINA_BASE:         /home/micheal-ndoh/Desktop/library-app/apache-tomcat-11.0.6
12-May-2025 11:49:37.648 INFO [main] org.apache.catalina.startup.VersionLoggerListener.log CATALINA_HOME:         /home/micheal-ndoh/Desktop/library-app/apache-tomcat-11.0.6
12-May-2025 11:49:37.704 INFO [main] org.apache.catalina.startup.VersionLoggerListener.log Command line argument: -Djava.util.logging.config.file=/home/micheal-ndoh/Desktop/library-app/apache-tomcat-11.0.6/conf/logging.properties
12-May-2025 11:49:37.704 INFO [main] org.apache.catalina.startup.VersionLoggerListener.log Command line argument: -Djava.util.logging.manager=org.apache.juli.ClassLoaderLogManager
12-May-2025 11:49:37.704 INFO [main] org.apache.catalina.startup.VersionLoggerListener.log Command line argument: -Djdk.tls.ephemeralDHKeySize=2048
12-May-2025 11:49:37.704 INFO [main] org.apache.catalina.startup.VersionLoggerListener.log Command line argument: -Dorg.apache.catalina.security.SecurityListener.UMASK=0027
12-May-2025 11:49:37.704 INFO [main] org.apache.catalina.startup.VersionLoggerListener.log Command line argument: --add-opens=java.base/java.lang=ALL-UNNAMED
12-May-2025 11:49:37.705 INFO [main] org.apache.catalina.startup.VersionLoggerListener.log Command line argument: --add-opens=java.base/java.lang.reflect=ALL-UNNAMED
12-May-2025 11:49:37.705 INFO [main] org.apache.catalina.startup.VersionLoggerListener.log Command line argument: --add-opens=java.base/java.io=ALL-UNNAMED
12-May-2025 11:49:37.705 INFO [main] org.apache.catalina.startup.VersionLoggerListener.log Command line argument: --add-opens=java.base/java.util=ALL-UNNAMED
12-May-2025 11:49:37.705 INFO [main] org.apache.catalina.startup.VersionLoggerListener.log Command line argument: --add-opens=java.base/java.util.concurrent=ALL-UNNAMED
12-May-2025 11:49:37.705 INFO [main] org.apache.catalina.startup.VersionLoggerListener.log Command line argument: --add-opens=java.rmi/sun.rmi.transport=ALL-UNNAMED
12-May-2025 11:49:37.705 INFO [main] org.apache.catalina.startup.VersionLoggerListener.log Command line argument: --enable-native-access=ALL-UNNAMED
12-May-2025 11:49:37.705 INFO [main] org.apache.catalina.startup.VersionLoggerListener.log Command line argument: -Dcatalina.base=/home/micheal-ndoh/Desktop/library-app/apache-tomcat-11.0.6
12-May-2025 11:49:37.705 INFO [main] org.apache.catalina.startup.VersionLoggerListener.log Command line argument: -Dcatalina.home=/home/micheal-ndoh/Desktop/library-app/apache-tomcat-11.0.6
12-May-2025 11:49:37.706 INFO [main] org.apache.catalina.startup.VersionLoggerListener.log Command line argument: -Djava.io.tmpdir=/home/micheal-ndoh/Desktop/library-app/apache-tomcat-11.0.6/temp
12-May-2025 11:49:37.719 INFO [main] org.apache.catalina.core.AprLifecycleListener.lifecycleEvent The Apache Tomcat Native library which allows using OpenSSL was not found on the java.library.path: [/usr/java/packages/lib:/usr/lib/x86_64-linux-gnu/jni:/lib/x86_64-linux-gnu:/usr/lib/x86_64-linux-gnu:/usr/lib/jni:/lib:/usr/lib]
12-May-2025 11:49:39.419 INFO [main] org.apache.coyote.AbstractProtocol.init Initializing ProtocolHandler ["http-nio-8080"]
12-May-2025 11:49:39.543 INFO [main] org.apache.catalina.startup.Catalina.load Server initialization in [2841] milliseconds
12-May-2025 11:49:39.820 INFO [main] org.apache.catalina.core.StandardService.startInternal Starting service [Catalina]
12-May-2025 11:49:39.823 INFO [main] org.apache.catalina.core.StandardEngine.startInternal Starting Servlet engine: [Apache Tomcat/11.0.6]
12-May-2025 11:49:39.976 INFO [main] org.apache.catalina.startup.HostConfig.deployWAR Deploying web application archive [/home/micheal-ndoh/Desktop/library-app/apache-tomcat-11.0.6/webapps/library-app.war]
12-May-2025 11:49:41.969 INFO [main] org.apache.jasper.servlet.TldScanner.scanJars At least one JAR was scanned for TLDs yet contained no TLDs. Enable debug logging for this logger for a complete list of JARs that were scanned but no TLDs were found in them. Skipping unneeded JARs during scanning can improve startup time and JSP compilation time.
12-May-2025 11:49:42.074 INFO [main] org.apache.catalina.startup.HostConfig.deployWAR Deployment of web application archive [/home/micheal-ndoh/Desktop/library-app/apache-tomcat-11.0.6/webapps/library-app.war] has finished in [2,097] ms
12-May-2025 11:49:42.075 INFO [main] org.apache.catalina.startup.HostConfig.deployDirectory Deploying web application directory [/home/micheal-ndoh/Desktop/library-app/apache-tomcat-11.0.6/webapps/manager]
12-May-2025 11:49:42.172 INFO [main] org.apache.catalina.startup.HostConfig.deployDirectory Deployment of web application directory [/home/micheal-ndoh/Desktop/library-app/apache-tomcat-11.0.6/webapps/manager] has finished in [96] ms
12-May-2025 11:49:42.172 INFO [main] org.apache.catalina.startup.HostConfig.deployDirectory Deploying web application directory [/home/micheal-ndoh/Desktop/library-app/apache-tomcat-11.0.6/webapps/examples]
12-May-2025 11:49:43.258 INFO [main] org.apache.catalina.startup.HostConfig.deployDirectory Deployment of web application directory [/home/micheal-ndoh/Desktop/library-app/apache-tomcat-11.0.6/webapps/examples] has finished in [1,086] ms
12-May-2025 11:49:43.259 INFO [main] org.apache.catalina.startup.HostConfig.deployDirectory Deploying web application directory [/home/micheal-ndoh/Desktop/library-app/apache-tomcat-11.0.6/webapps/host-manager]
12-May-2025 11:49:43.370 INFO [main] org.apache.catalina.startup.HostConfig.deployDirectory Deployment of web application directory [/home/micheal-ndoh/Desktop/library-app/apache-tomcat-11.0.6/webapps/host-manager] has finished in [110] ms
12-May-2025 11:49:43.370 INFO [main] org.apache.catalina.startup.HostConfig.deployDirectory Deploying web application directory [/home/micheal-ndoh/Desktop/library-app/apache-tomcat-11.0.6/webapps/docs]
12-May-2025 11:49:43.406 INFO [main] org.apache.catalina.startup.HostConfig.deployDirectory Deployment of web application directory [/home/micheal-ndoh/Desktop/library-app/apache-tomcat-11.0.6/webapps/docs] has finished in [36] ms
12-May-2025 11:49:43.414 INFO [main] org.apache.catalina.startup.HostConfig.deployDirectory Deploying web application directory [/home/micheal-ndoh/Desktop/library-app/apache-tomcat-11.0.6/webapps/ROOT]
12-May-2025 11:49:43.500 INFO [main] org.apache.catalina.startup.HostConfig.deployDirectory Deployment of web application directory [/home/micheal-ndoh/Desktop/library-app/apache-tomcat-11.0.6/webapps/ROOT] has finished in [86] ms
12-May-2025 11:49:43.534 INFO [main] org.apache.coyote.AbstractProtocol.start Starting ProtocolHandler ["http-nio-8080"]
12-May-2025 11:49:43.633 INFO [main] org.apache.catalina.startup.Catalina.start Server startup in [4079] milliseconds
12-May-2025 12:23:27.149 INFO [Thread-1] org.apache.coyote.AbstractProtocol.pause Pausing ProtocolHandler ["http-nio-8080"]
12-May-2025 12:23:27.156 INFO [Thread-1] org.apache.catalina.core.StandardService.stopInternal Stopping service [Catalina]
12-May-2025 12:23:27.211 INFO [Thread-1] org.apache.coyote.AbstractProtocol.stop Stopping ProtocolHandler ["http-nio-8080"]
12-May-2025 12:23:27.225 INFO [Thread-1] org.apache.coyote.AbstractProtocol.destroy Destroying ProtocolHandler ["http-nio-8080"]
